\BOOKMARK [0][-]{chapter.1}{Dissertation: ViewZone}{}% 1
\BOOKMARK [1][-]{section.1.1}{Introduction}{chapter.1}% 2
\BOOKMARK [2][-]{subsection.1.1.1}{Goals}{section.1.1}% 3
\BOOKMARK [1][-]{section.1.2}{Related Work}{chapter.1}% 4
\BOOKMARK [2][-]{subsection.1.2.1}{Studies in Mobile Health Security}{section.1.2}% 5
\BOOKMARK [3][-]{subsubsection.1.2.1.1}{Threat Taxonomy for Mobile Health Applications}{subsection.1.2.1}% 6
\BOOKMARK [3][-]{subsubsection.1.2.1.2}{Potential Attack Surface of Commercial Mobile Health Applications}{subsection.1.2.1}% 7
\BOOKMARK [3][-]{subsubsection.1.2.1.3}{Severity of Attacks to Mobile Health Applications}{subsection.1.2.1}% 8
\BOOKMARK [2][-]{subsection.1.2.2}{General-Purpose Mobile Security Mechanisms}{section.1.2}% 9
\BOOKMARK [3][-]{subsubsection.1.2.2.1}{Access Control Mechanisms}{subsection.1.2.2}% 10
\BOOKMARK [3][-]{subsubsection.1.2.2.2}{Application Communication Monitoring}{subsection.1.2.2}% 11
\BOOKMARK [3][-]{subsubsection.1.2.2.3}{Privacy Enhancement Systems}{subsection.1.2.2}% 12
\BOOKMARK [3][-]{subsubsection.1.2.2.4}{Trusted Execution Systems}{subsection.1.2.2}% 13
\BOOKMARK [3][-]{subsubsection.1.2.2.5}{Summary}{subsection.1.2.2}% 14
\BOOKMARK [2][-]{subsection.1.2.3}{TrustZone-based Mobile Security Systems}{section.1.2}% 15
\BOOKMARK [3][-]{subsubsection.1.2.3.1}{Trusted Kernels with Untrusted UI}{subsection.1.2.3}% 16
\BOOKMARK [3][-]{subsubsection.1.2.3.2}{Trusted Services with Untrusted UI}{subsection.1.2.3}% 17
\BOOKMARK [3][-]{subsubsection.1.2.3.3}{Trusted Kernels with Trusted UI}{subsection.1.2.3}% 18
\BOOKMARK [3][-]{subsubsection.1.2.3.4}{Trusted Services with Trusted UI}{subsection.1.2.3}% 19
\BOOKMARK [1][-]{section.1.3}{Architecture}{chapter.1}% 20
\BOOKMARK [1][-]{section.1.4}{Implementation and Evaluation}{chapter.1}% 21
\BOOKMARK [2][-]{subsection.1.4.1}{Implementation}{section.1.4}% 22
\BOOKMARK [2][-]{subsection.1.4.2}{Evaluation}{section.1.4}% 23
\BOOKMARK [1][-]{section.1.5}{Future Work Plan}{chapter.1}% 24
\BOOKMARK [1][-]{section.1.6}{Conclusions}{chapter.1}% 25
\BOOKMARK [1][-]{section.1.6}{References}{chapter.1}% 26
